{
"contracts/MaliciousReentrant.sol":{"l":{"20":0,"24":0,"25":0,"26":0,"30":0,"31":0,"32":0,"33":0,"34":0,"35":0,"39":0,"40":0,"41":0,"45":0,"46":0,"47":0,"60":0,"61":0,"62":0,"65":0,"66":0,"67":0,"68":0,"69":0,"74":0,"75":0,"76":0,"77":0,"78":0,"81":0,"82":0,"83":0,"84":0,"85":0,"86":0,"87":0,"91":0,"92":0,"93":0,"98":0,"99":0,"100":0},"path":"/Users/saurabhgangal/Desktop/simple-amm/contracts/MaliciousReentrant.sol","s":{"1":0,"2":0,"3":0,"4":0,"5":0,"6":0,"7":0,"8":0,"9":0,"10":0,"11":0,"12":0,"13":0,"14":0,"15":0,"16":0,"17":0,"18":0,"19":0,"20":0,"21":0,"22":0,"23":0,"24":0,"25":0,"26":0},"b":{"1":[0,0],"2":[0,0],"3":[0,0],"4":[0,0],"5":[0,0]},"f":{"1":0,"2":0,"3":0,"4":0,"5":0,"6":0,"7":0,"8":0,"9":0},"fnMap":{"1":{"name":"constructor","line":19,"loc":{"start":{"line":19,"column":4},"end":{"line":21,"column":4}}},"2":{"name":"deposit","line":23,"loc":{"start":{"line":23,"column":4},"end":{"line":27,"column":4}}},"3":{"name":"attackDeposit","line":29,"loc":{"start":{"line":29,"column":4},"end":{"line":36,"column":4}}},"4":{"name":"attackRedeem","line":38,"loc":{"start":{"line":38,"column":4},"end":{"line":42,"column":4}}},"5":{"name":"attackSwap","line":44,"loc":{"start":{"line":44,"column":4},"end":{"line":48,"column":4}}},"6":{"name":"transfer","line":58,"loc":{"start":{"line":58,"column":4},"end":{"line":70,"column":4}}},"7":{"name":"transferFrom","line":72,"loc":{"start":{"line":72,"column":4},"end":{"line":88,"column":4}}},"8":{"name":"approve","line":90,"loc":{"start":{"line":90,"column":4},"end":{"line":94,"column":4}}},"9":{"name":"mint","line":97,"loc":{"start":{"line":97,"column":4},"end":{"line":101,"column":4}}}},"statementMap":{"1":{"start":{"line":24,"column":8},"end":{"line":24,"column":62}},"2":{"start":{"line":25,"column":8},"end":{"line":25,"column":62}},"3":{"start":{"line":26,"column":8},"end":{"line":26,"column":36}},"4":{"start":{"line":32,"column":8},"end":{"line":32,"column":62}},"5":{"start":{"line":33,"column":8},"end":{"line":33,"column":62}},"6":{"start":{"line":35,"column":8},"end":{"line":35,"column":34}},"7":{"start":{"line":40,"column":8},"end":{"line":40,"column":54}},"8":{"start":{"line":41,"column":8},"end":{"line":41,"column":26}},"9":{"start":{"line":45,"column":8},"end":{"line":45,"column":63}},"10":{"start":{"line":47,"column":8},"end":{"line":47,"column":37}},"11":{"start":{"line":60,"column":8},"end":{"line":60,"column":2156}},"12":{"start":{"line":62,"column":12},"end":{"line":62,"column":50}},"13":{"start":{"line":65,"column":8},"end":{"line":65,"column":71}},"14":{"start":{"line":68,"column":8},"end":{"line":68,"column":45}},"15":{"start":{"line":69,"column":8},"end":{"line":69,"column":19}},"16":{"start":{"line":74,"column":8},"end":{"line":74,"column":2677}},"17":{"start":{"line":76,"column":12},"end":{"line":76,"column":50}},"18":{"start":{"line":77,"column":12},"end":{"line":77,"column":40}},"19":{"start":{"line":78,"column":12},"end":{"line":78,"column":52}},"20":{"start":{"line":81,"column":8},"end":{"line":81,"column":79}},"21":{"start":{"line":82,"column":8},"end":{"line":82,"column":65}},"22":{"start":{"line":86,"column":8},"end":{"line":86,"column":39}},"23":{"start":{"line":87,"column":8},"end":{"line":87,"column":19}},"24":{"start":{"line":92,"column":8},"end":{"line":92,"column":50}},"25":{"start":{"line":93,"column":8},"end":{"line":93,"column":19}},"26":{"start":{"line":100,"column":8},"end":{"line":100,"column":56}}},"branchMap":{"1":{"line":60,"type":"if","locations":[{"start":{"line":60,"column":8},"end":{"line":60,"column":8}},{"start":{"line":60,"column":8},"end":{"line":60,"column":8}}]},"2":{"line":65,"type":"if","locations":[{"start":{"line":65,"column":8},"end":{"line":65,"column":8}},{"start":{"line":65,"column":8},"end":{"line":65,"column":8}}]},"3":{"line":74,"type":"if","locations":[{"start":{"line":74,"column":8},"end":{"line":74,"column":8}},{"start":{"line":74,"column":8},"end":{"line":74,"column":8}}]},"4":{"line":81,"type":"if","locations":[{"start":{"line":81,"column":8},"end":{"line":81,"column":8}},{"start":{"line":81,"column":8},"end":{"line":81,"column":8}}]},"5":{"line":82,"type":"if","locations":[{"start":{"line":82,"column":8},"end":{"line":82,"column":8}},{"start":{"line":82,"column":8},"end":{"line":82,"column":8}}]}}},
"contracts/MockERC20.sol":{"l":{"8":72,"12":0},"path":"/Users/saurabhgangal/Desktop/simple-amm/contracts/MockERC20.sol","s":{"1":72,"2":0},"b":{},"f":{"1":72,"2":0},"fnMap":{"1":{"name":"constructor","line":7,"loc":{"start":{"line":7,"column":4},"end":{"line":9,"column":4}}},"2":{"name":"mint","line":11,"loc":{"start":{"line":11,"column":4},"end":{"line":13,"column":4}}}},"statementMap":{"1":{"start":{"line":8,"column":8},"end":{"line":8,"column":39}},"2":{"start":{"line":12,"column":8},"end":{"line":12,"column":24}}},"branchMap":{}},
"contracts/SimpleAMM.sol":{"l":{"30":39,"31":38,"32":37,"34":36,"35":36,"45":37,"48":35,"49":35,"51":35,"53":35,"55":31,"56":31,"57":30,"60":30,"63":4,"64":4,"65":4,"67":4,"71":33,"74":33,"76":33,"86":6,"87":5,"89":4,"92":4,"93":4,"95":4,"98":4,"101":4,"102":4,"105":4,"107":4,"118":8,"119":7,"121":6,"124":6,"127":6,"130":6,"131":6,"133":6,"134":5,"137":5,"138":4,"140":1,"144":5,"146":5,"157":9,"158":8,"160":6,"161":6,"162":6,"163":6,"174":5,"175":4,"176":2,"178":1,"179":1,"180":1,"187":42,"188":42,"189":42,"198":9,"199":9},"path":"/Users/saurabhgangal/Desktop/simple-amm/contracts/SimpleAMM.sol","s":{"1":39,"2":38,"3":37,"4":37,"5":35,"6":35,"7":35,"8":35,"9":31,"10":31,"11":30,"12":4,"13":4,"14":4,"15":33,"16":33,"17":33,"18":6,"19":5,"20":4,"21":4,"22":4,"23":4,"24":4,"25":4,"26":4,"27":8,"28":7,"29":6,"30":6,"31":6,"32":6,"33":6,"34":5,"35":5,"36":4,"37":1,"38":5,"39":5,"40":9,"41":8,"42":6,"43":6,"44":6,"45":5,"46":4,"47":2,"48":1,"49":1,"50":42},"b":{"1":[38,1],"2":[37,1],"3":[36,1],"4":[37,0],"5":[35,2],"6":[31,4],"7":[30,1],"8":[3,1],"9":[6,0],"10":[5,1],"11":[4,1],"12":[4,0],"13":[8,0],"14":[7,1],"15":[6,1],"16":[5,1],"17":[5,1],"18":[5,1],"19":[5,0],"20":[4,1],"21":[8,1],"22":[6,2],"23":[4,1],"24":[2,2],"25":[1,1]},"f":{"1":39,"2":37,"3":6,"4":8,"5":9,"6":5,"7":42,"8":9},"fnMap":{"1":{"name":"constructor","line":29,"loc":{"start":{"line":29,"column":4},"end":{"line":36,"column":4}}},"2":{"name":"deposit","line":44,"loc":{"start":{"line":44,"column":4},"end":{"line":77,"column":4}}},"3":{"name":"redeem","line":85,"loc":{"start":{"line":85,"column":4},"end":{"line":108,"column":4}}},"4":{"name":"swap","line":117,"loc":{"start":{"line":117,"column":4},"end":{"line":147,"column":4}}},"5":{"name":"getAmountOut","line":156,"loc":{"start":{"line":156,"column":4},"end":{"line":164,"column":4}}},"6":{"name":"getAmountIn","line":173,"loc":{"start":{"line":173,"column":4},"end":{"line":181,"column":4}}},"7":{"name":"_update","line":186,"loc":{"start":{"line":186,"column":4},"end":{"line":190,"column":4}}},"8":{"name":"getReserves","line":197,"loc":{"start":{"line":197,"column":4},"end":{"line":200,"column":4}}}},"statementMap":{"1":{"start":{"line":30,"column":8},"end":{"line":30,"column":64}},"2":{"start":{"line":31,"column":8},"end":{"line":31,"column":64}},"3":{"start":{"line":32,"column":8},"end":{"line":32,"column":57}},"4":{"start":{"line":45,"column":8},"end":{"line":45,"column":72}},"5":{"start":{"line":48,"column":8},"end":{"line":48,"column":62}},"6":{"start":{"line":49,"column":8},"end":{"line":49,"column":62}},"7":{"start":{"line":51,"column":8},"end":{"line":51,"column":44}},"8":{"start":{"line":53,"column":8},"end":{"line":53,"column":2066}},"9":{"start":{"line":55,"column":12},"end":{"line":55,"column":62}},"10":{"start":{"line":56,"column":12},"end":{"line":56,"column":84}},"11":{"start":{"line":60,"column":12},"end":{"line":60,"column":47}},"12":{"start":{"line":63,"column":12},"end":{"line":63,"column":68}},"13":{"start":{"line":64,"column":12},"end":{"line":64,"column":68}},"14":{"start":{"line":67,"column":12},"end":{"line":67,"column":66}},"15":{"start":{"line":71,"column":8},"end":{"line":71,"column":35}},"16":{"start":{"line":74,"column":8},"end":{"line":74,"column":16}},"17":{"start":{"line":76,"column":8},"end":{"line":76,"column":61}},"18":{"start":{"line":86,"column":8},"end":{"line":86,"column":62}},"19":{"start":{"line":87,"column":8},"end":{"line":87,"column":74}},"20":{"start":{"line":89,"column":8},"end":{"line":89,"column":44}},"21":{"start":{"line":95,"column":8},"end":{"line":95,"column":75}},"22":{"start":{"line":98,"column":8},"end":{"line":98,"column":35}},"23":{"start":{"line":101,"column":8},"end":{"line":101,"column":43}},"24":{"start":{"line":102,"column":8},"end":{"line":102,"column":43}},"25":{"start":{"line":105,"column":8},"end":{"line":105,"column":16}},"26":{"start":{"line":107,"column":8},"end":{"line":107,"column":60}},"27":{"start":{"line":118,"column":8},"end":{"line":118,"column":57}},"28":{"start":{"line":119,"column":8},"end":{"line":119,"column":89}},"29":{"start":{"line":121,"column":8},"end":{"line":121,"column":50}},"30":{"start":{"line":124,"column":8},"end":{"line":124,"column":104}},"31":{"start":{"line":127,"column":8},"end":{"line":127,"column":72}},"32":{"start":{"line":130,"column":8},"end":{"line":130,"column":48}},"33":{"start":{"line":133,"column":8},"end":{"line":133,"column":71}},"34":{"start":{"line":134,"column":8},"end":{"line":134,"column":55}},"35":{"start":{"line":137,"column":8},"end":{"line":137,"column":5545}},"36":{"start":{"line":138,"column":12},"end":{"line":138,"column":49}},"37":{"start":{"line":140,"column":12},"end":{"line":140,"column":49}},"38":{"start":{"line":144,"column":8},"end":{"line":144,"column":16}},"39":{"start":{"line":146,"column":8},"end":{"line":146,"column":59}},"40":{"start":{"line":157,"column":8},"end":{"line":157,"column":57}},"41":{"start":{"line":158,"column":8},"end":{"line":158,"column":73}},"42":{"start":{"line":160,"column":8},"end":{"line":160,"column":48}},"43":{"start":{"line":161,"column":8},"end":{"line":161,"column":56}},"44":{"start":{"line":162,"column":8},"end":{"line":162,"column":64}},"45":{"start":{"line":174,"column":8},"end":{"line":174,"column":59}},"46":{"start":{"line":175,"column":8},"end":{"line":175,"column":73}},"47":{"start":{"line":176,"column":8},"end":{"line":176,"column":64}},"48":{"start":{"line":178,"column":8},"end":{"line":178,"column":56}},"49":{"start":{"line":179,"column":8},"end":{"line":179,"column":60}},"50":{"start":{"line":189,"column":8},"end":{"line":189,"column":37}}},"branchMap":{"1":{"line":30,"type":"if","locations":[{"start":{"line":30,"column":8},"end":{"line":30,"column":8}},{"start":{"line":30,"column":8},"end":{"line":30,"column":8}}]},"2":{"line":31,"type":"if","locations":[{"start":{"line":31,"column":8},"end":{"line":31,"column":8}},{"start":{"line":31,"column":8},"end":{"line":31,"column":8}}]},"3":{"line":32,"type":"if","locations":[{"start":{"line":32,"column":8},"end":{"line":32,"column":8}},{"start":{"line":32,"column":8},"end":{"line":32,"column":8}}]},"4":{"line":44,"type":"if","locations":[{"start":{"line":44,"column":64},"end":{"line":44,"column":64}},{"start":{"line":44,"column":64},"end":{"line":44,"column":64}}]},"5":{"line":45,"type":"if","locations":[{"start":{"line":45,"column":8},"end":{"line":45,"column":8}},{"start":{"line":45,"column":8},"end":{"line":45,"column":8}}]},"6":{"line":53,"type":"if","locations":[{"start":{"line":53,"column":8},"end":{"line":53,"column":8}},{"start":{"line":53,"column":8},"end":{"line":53,"column":8}}]},"7":{"line":56,"type":"if","locations":[{"start":{"line":56,"column":12},"end":{"line":56,"column":12}},{"start":{"line":56,"column":12},"end":{"line":56,"column":12}}]},"8":{"line":67,"type":"if","locations":[{"start":{"line":67,"column":12},"end":{"line":67,"column":12}},{"start":{"line":67,"column":12},"end":{"line":67,"column":12}}]},"9":{"line":85,"type":"if","locations":[{"start":{"line":85,"column":48},"end":{"line":85,"column":48}},{"start":{"line":85,"column":48},"end":{"line":85,"column":48}}]},"10":{"line":86,"type":"if","locations":[{"start":{"line":86,"column":8},"end":{"line":86,"column":8}},{"start":{"line":86,"column":8},"end":{"line":86,"column":8}}]},"11":{"line":87,"type":"if","locations":[{"start":{"line":87,"column":8},"end":{"line":87,"column":8}},{"start":{"line":87,"column":8},"end":{"line":87,"column":8}}]},"12":{"line":95,"type":"if","locations":[{"start":{"line":95,"column":8},"end":{"line":95,"column":8}},{"start":{"line":95,"column":8},"end":{"line":95,"column":8}}]},"13":{"line":117,"type":"if","locations":[{"start":{"line":117,"column":84},"end":{"line":117,"column":84}},{"start":{"line":117,"column":84},"end":{"line":117,"column":84}}]},"14":{"line":118,"type":"if","locations":[{"start":{"line":118,"column":8},"end":{"line":118,"column":8}},{"start":{"line":118,"column":8},"end":{"line":118,"column":8}}]},"15":{"line":119,"type":"if","locations":[{"start":{"line":119,"column":8},"end":{"line":119,"column":8}},{"start":{"line":119,"column":8},"end":{"line":119,"column":8}}]},"16":{"line":119,"type":"cond-expr","locations":[{"start":{"line":119,"column":16},"end":{"line":119,"column":41}},{"start":{"line":119,"column":46},"end":{"line":119,"column":71}}]},"17":{"line":124,"type":"if","locations":[{"start":{"line":124,"column":61},"end":{"line":124,"column":80}},{"start":{"line":124,"column":84},"end":{"line":124,"column":103}}]},"18":{"line":133,"type":"if","locations":[{"start":{"line":133,"column":8},"end":{"line":133,"column":8}},{"start":{"line":133,"column":8},"end":{"line":133,"column":8}}]},"19":{"line":134,"type":"if","locations":[{"start":{"line":134,"column":8},"end":{"line":134,"column":8}},{"start":{"line":134,"column":8},"end":{"line":134,"column":8}}]},"20":{"line":137,"type":"if","locations":[{"start":{"line":137,"column":8},"end":{"line":137,"column":8}},{"start":{"line":137,"column":8},"end":{"line":137,"column":8}}]},"21":{"line":157,"type":"if","locations":[{"start":{"line":157,"column":8},"end":{"line":157,"column":8}},{"start":{"line":157,"column":8},"end":{"line":157,"column":8}}]},"22":{"line":158,"type":"if","locations":[{"start":{"line":158,"column":8},"end":{"line":158,"column":8}},{"start":{"line":158,"column":8},"end":{"line":158,"column":8}}]},"23":{"line":174,"type":"if","locations":[{"start":{"line":174,"column":8},"end":{"line":174,"column":8}},{"start":{"line":174,"column":8},"end":{"line":174,"column":8}}]},"24":{"line":175,"type":"if","locations":[{"start":{"line":175,"column":8},"end":{"line":175,"column":8}},{"start":{"line":175,"column":8},"end":{"line":175,"column":8}}]},"25":{"line":176,"type":"if","locations":[{"start":{"line":176,"column":8},"end":{"line":176,"column":8}},{"start":{"line":176,"column":8},"end":{"line":176,"column":8}}]}}}}
