TN:
SF:/Users/saurabhgangal/Desktop/simple-amm/contracts/MaliciousReentrant.sol
FN:19,constructor
FN:23,deposit
FN:29,attackDeposit
FN:38,attackRedeem
FN:44,attackSwap
FN:58,transfer
FN:72,transferFrom
FN:90,approve
FN:97,mint
FNF:9
FNH:0
FNDA:0,constructor
FNDA:0,deposit
FNDA:0,attackDeposit
FNDA:0,attackRedeem
FNDA:0,attackSwap
FNDA:0,transfer
FNDA:0,transferFrom
FNDA:0,approve
FNDA:0,mint
DA:20,0
DA:24,0
DA:25,0
DA:26,0
DA:30,0
DA:31,0
DA:32,0
DA:33,0
DA:34,0
DA:35,0
DA:39,0
DA:40,0
DA:41,0
DA:45,0
DA:46,0
DA:47,0
DA:60,0
DA:61,0
DA:62,0
DA:65,0
DA:66,0
DA:67,0
DA:68,0
DA:69,0
DA:74,0
DA:75,0
DA:76,0
DA:77,0
DA:78,0
DA:81,0
DA:82,0
DA:83,0
DA:84,0
DA:85,0
DA:86,0
DA:87,0
DA:91,0
DA:92,0
DA:93,0
DA:98,0
DA:99,0
DA:100,0
LF:42
LH:0
BRDA:60,1,0,0
BRDA:60,1,1,0
BRDA:65,2,0,0
BRDA:65,2,1,0
BRDA:74,3,0,0
BRDA:74,3,1,0
BRDA:81,4,0,0
BRDA:81,4,1,0
BRDA:82,5,0,0
BRDA:82,5,1,0
BRF:10
BRH:0
end_of_record
TN:
SF:/Users/saurabhgangal/Desktop/simple-amm/contracts/MockERC20.sol
FN:7,constructor
FN:11,mint
FNF:2
FNH:1
FNDA:72,constructor
FNDA:0,mint
DA:8,72
DA:12,0
LF:2
LH:1
BRF:0
BRH:0
end_of_record
TN:
SF:/Users/saurabhgangal/Desktop/simple-amm/contracts/SimpleAMM.sol
FN:29,constructor
FN:44,deposit
FN:85,redeem
FN:117,swap
FN:156,getAmountOut
FN:173,getAmountIn
FN:186,_update
FN:197,getReserves
FNF:8
FNH:8
FNDA:39,constructor
FNDA:37,deposit
FNDA:6,redeem
FNDA:8,swap
FNDA:9,getAmountOut
FNDA:5,getAmountIn
FNDA:42,_update
FNDA:9,getReserves
DA:30,39
DA:31,38
DA:32,37
DA:34,36
DA:35,36
DA:45,37
DA:48,35
DA:49,35
DA:51,35
DA:53,35
DA:55,31
DA:56,31
DA:57,30
DA:60,30
DA:63,4
DA:64,4
DA:65,4
DA:67,4
DA:71,33
DA:74,33
DA:76,33
DA:86,6
DA:87,5
DA:89,4
DA:92,4
DA:93,4
DA:95,4
DA:98,4
DA:101,4
DA:102,4
DA:105,4
DA:107,4
DA:118,8
DA:119,7
DA:121,6
DA:124,6
DA:127,6
DA:130,6
DA:131,6
DA:133,6
DA:134,5
DA:137,5
DA:138,4
DA:140,1
DA:144,5
DA:146,5
DA:157,9
DA:158,8
DA:160,6
DA:161,6
DA:162,6
DA:163,6
DA:174,5
DA:175,4
DA:176,2
DA:178,1
DA:179,1
DA:180,1
DA:187,42
DA:188,42
DA:189,42
DA:198,9
DA:199,9
LF:63
LH:63
BRDA:30,1,0,38
BRDA:30,1,1,1
BRDA:31,2,0,37
BRDA:31,2,1,1
BRDA:32,3,0,36
BRDA:32,3,1,1
BRDA:44,4,0,37
BRDA:44,4,1,0
BRDA:45,5,0,35
BRDA:45,5,1,2
BRDA:53,6,0,31
BRDA:53,6,1,4
BRDA:56,7,0,30
BRDA:56,7,1,1
BRDA:67,8,0,3
BRDA:67,8,1,1
BRDA:85,9,0,6
BRDA:85,9,1,0
BRDA:86,10,0,5
BRDA:86,10,1,1
BRDA:87,11,0,4
BRDA:87,11,1,1
BRDA:95,12,0,4
BRDA:95,12,1,0
BRDA:117,13,0,8
BRDA:117,13,1,0
BRDA:118,14,0,7
BRDA:118,14,1,1
BRDA:119,15,0,6
BRDA:119,15,1,1
BRDA:119,16,0,5
BRDA:119,16,1,1
BRDA:124,17,0,5
BRDA:124,17,1,1
BRDA:133,18,0,5
BRDA:133,18,1,1
BRDA:134,19,0,5
BRDA:134,19,1,0
BRDA:137,20,0,4
BRDA:137,20,1,1
BRDA:157,21,0,8
BRDA:157,21,1,1
BRDA:158,22,0,6
BRDA:158,22,1,2
BRDA:174,23,0,4
BRDA:174,23,1,1
BRDA:175,24,0,2
BRDA:175,24,1,2
BRDA:176,25,0,1
BRDA:176,25,1,1
BRF:50
BRH:45
end_of_record
